<?xml version="1.0" encoding="UTF-8"?>

<mule xmlns:dropbox="http://www.mulesoft.org/schema/mule/dropbox"
	  xmlns="http://www.mulesoft.org/schema/mule/core"
	  xmlns:xsi="http://www.w3.org/2001/XMLSchema-instance"
	  xsi:schemaLocation="http://www.mulesoft.org/schema/mule/core http://www.mulesoft.org/schema/mule/core/current/mule.xsd
http://www.mulesoft.org/schema/mule/dropbox http://www.mulesoft.org/schema/mule/dropbox/current/mule-dropbox.xsd">

	<dropbox:config name="Dropbox_Config">
		<dropbox:connection token="token" />
	</dropbox:config>
</mule>